mylibrary/build/intermediates/manifest_merge_blame_file/debug/manifest-merger-blame-debug-report.txt
1<?xml version="1.0" encoding="utf-8"?>
2<manifest xmlns:android="http://schemas.android.com/apk/res/android"
3    package="com.example.myrobotlibrary"
4    android:versionCode="2"
5    android:versionName="0.1" >
6
7    <uses-sdk
8        android:minSdkVersion="19"
8-->src\main\AndroidManifest.xml
9        android:targetSdkVersion="26" />
9-->src\main\AndroidManifest.xml
10
11    <uses-permission android:name="android.permission.ACCESS_NETWORK_STATE" />
11-->src\main\AndroidManifest.xml:5:5-79
11-->src\main\AndroidManifest.xml:5:22-76
12    <uses-permission android:name="android.permission.ACCESS_WIFI_STATE" />
12-->src\main\AndroidManifest.xml:6:5-76
12-->src\main\AndroidManifest.xml:6:22-73
13    <uses-permission android:name="android.permission.RECEIVE_BOOT_COMPLETED" />
13-->src\main\AndroidManifest.xml:7:5-81
13-->src\main\AndroidManifest.xml:7:22-78
14    <uses-permission android:name="android.permission.BLUETOOTH" />
14-->src\main\AndroidManifest.xml:8:5-68
14-->src\main\AndroidManifest.xml:8:22-65
15    <uses-permission android:name="android.permission.BLUETOOTH_ADMIN" />
15-->src\main\AndroidManifest.xml:9:5-74
15-->src\main\AndroidManifest.xml:9:22-71
16    <uses-permission android:name="android.permission.WRITE_SETTINGS" />
16-->src\main\AndroidManifest.xml:10:5-73
16-->src\main\AndroidManifest.xml:10:22-70
17    <uses-permission android:name="android.permission.ACCESS_FINE_LOCATION" />
17-->src\main\AndroidManifest.xml:12:5-79
17-->src\main\AndroidManifest.xml:12:22-76
18    <uses-permission android:name="android.permission.ACCESS_COARSE_LOCATION" />
18-->src\main\AndroidManifest.xml:13:5-81
18-->src\main\AndroidManifest.xml:13:22-78
19
20    <application
20-->src\main\AndroidManifest.xml:16:5-35:19
21        android:allowBackup="true"
21-->src\main\AndroidManifest.xml:17:9-35
22        android:label="@string/app_name"
22-->src\main\AndroidManifest.xml:18:9-41
23        android:supportsRtl="true" >
23-->src\main\AndroidManifest.xml:19:9-35
24        <activity android:name="com.eps.device.BleScanActivity" />
24-->src\main\AndroidManifest.xml:21:9-67
24-->src\main\AndroidManifest.xml:21:19-64
25        <activity
25-->src\main\AndroidManifest.xml:22:9-24:47
26            android:name="eps.library.common.BaseSettingActivity"
26-->src\main\AndroidManifest.xml:23:13-66
27            android:launchMode="singleTask" />
27-->src\main\AndroidManifest.xml:24:13-44
28        <activity
28-->src\main\AndroidManifest.xml:25:9-27:47
29            android:name="com.eps.device.DeviceActivity"
29-->src\main\AndroidManifest.xml:26:13-57
30            android:launchMode="singleTask" />
30-->src\main\AndroidManifest.xml:27:13-44
31        <activity
31-->src\main\AndroidManifest.xml:28:9-30:47
32            android:name="com.eps.device.UpLoadPositionActivity"
32-->src\main\AndroidManifest.xml:29:13-65
33            android:launchMode="singleTask" />
33-->src\main\AndroidManifest.xml:30:13-44
34
35        <service android:name="org.eclipse.paho.android.service.MqttService" /> <!-- MqttService -->
35-->src\main\AndroidManifest.xml:32:9-80
35-->src\main\AndroidManifest.xml:32:18-77
36        <service android:name="eps.library.mqtt.MyMqttService" /> <!-- MyMqttService -->
36-->src\main\AndroidManifest.xml:33:9-66
36-->src\main\AndroidManifest.xml:33:18-63
37
38    </application>
39
40</manifest>